debug: Fri, 15 Jul 2022 07:37:12 GMT
debug: Project: /Users/even/workspace/github/yilinershi/pitaya_cocos_demo/client
debug: Targets: editor,preview
debug: Incremental file seems great.
debug: Engine path: /Applications/CocosCreator/Creator/3.5.2/CocosCreator.app/Contents/Resources/resources/3d/engine
debug: Initializing target [Editor]
debug: Loading cache
debug: Loading cache costs 1.3592910766601562ms.
debug: Engine features shipped in editor: base,gfx-webgl,gfx-webgl2,3d,animation,skeletal-animation,2d,ui,particle,particle-2d,physics-framework,physics-2d-framework,intersection-2d,primitive,profiler,audio,video,terrain,webview,tween,tiled-map,spine,dragon-bones,marionette
debug: Initializing target [Preview]
debug: Loading cache
debug: Loading cache costs 1.2214590311050415ms.
debug: Sync engine features: 2d,3d,animation,audio,base,dragon-bones,gfx-webgl,gfx-webgl2,intersection-2d,marionette,particle,particle-2d,physics-2d-box2d,physics-ammo,primitive,profiler,skeletal-animation,spine,terrain,tiled-map,tween,ui,video,webview
debug: Pulling asset-db.
debug: Fetch asset-db cost: 5.989042043685913ms.
debug: Build iteration starts.
Number of accumulated asset changes: 8
Feature changed: false
debug: Target(editor) build started.
debug: Detected change: cce:/internal/x/cc. Last mtime: Thu Jan 01 1970 07:00:05 GMT+0700 (印度支那时间), Current mtime: Thu Jan 01 1970 07:00:05 GMT+0700 (印度支那时间)
debug: Inspect cce:/internal/x/cc
debug: Resolve cce:/internal/x/cc-fu/base from cce:/internal/x/cc as external dependency cce:/internal/x/cc-fu/base.
debug: Resolve cce:/internal/x/cc-fu/gfx-webgl from cce:/internal/x/cc as external dependency cce:/internal/x/cc-fu/gfx-webgl.
debug: Resolve cce:/internal/x/cc-fu/gfx-webgl2 from cce:/internal/x/cc as external dependency cce:/internal/x/cc-fu/gfx-webgl2.
debug: Resolve cce:/internal/x/cc-fu/3d from cce:/internal/x/cc as external dependency cce:/internal/x/cc-fu/3d.
debug: Resolve cce:/internal/x/cc-fu/animation from cce:/internal/x/cc as external dependency cce:/internal/x/cc-fu/animation.
debug: Resolve cce:/internal/x/cc-fu/skeletal-animation from cce:/internal/x/cc as external dependency cce:/internal/x/cc-fu/skeletal-animation.
debug: Resolve cce:/internal/x/cc-fu/2d from cce:/internal/x/cc as external dependency cce:/internal/x/cc-fu/2d.
debug: Resolve cce:/internal/x/cc-fu/ui from cce:/internal/x/cc as external dependency cce:/internal/x/cc-fu/ui.
debug: Resolve cce:/internal/x/cc-fu/particle from cce:/internal/x/cc as external dependency cce:/internal/x/cc-fu/particle.
debug: Resolve cce:/internal/x/cc-fu/particle-2d from cce:/internal/x/cc as external dependency cce:/internal/x/cc-fu/particle-2d.
debug: Resolve cce:/internal/x/cc-fu/physics-framework from cce:/internal/x/cc as external dependency cce:/internal/x/cc-fu/physics-framework.
debug: Resolve cce:/internal/x/cc-fu/physics-2d-framework from cce:/internal/x/cc as external dependency cce:/internal/x/cc-fu/physics-2d-framework.
debug: Resolve cce:/internal/x/cc-fu/intersection-2d from cce:/internal/x/cc as external dependency cce:/internal/x/cc-fu/intersection-2d.
debug: Resolve cce:/internal/x/cc-fu/primitive from cce:/internal/x/cc as external dependency cce:/internal/x/cc-fu/primitive.
debug: Resolve cce:/internal/x/cc-fu/profiler from cce:/internal/x/cc as external dependency cce:/internal/x/cc-fu/profiler.
debug: Resolve cce:/internal/x/cc-fu/audio from cce:/internal/x/cc as external dependency cce:/internal/x/cc-fu/audio.
debug: Resolve cce:/internal/x/cc-fu/video from cce:/internal/x/cc as external dependency cce:/internal/x/cc-fu/video.
debug: Resolve cce:/internal/x/cc-fu/terrain from cce:/internal/x/cc as external dependency cce:/internal/x/cc-fu/terrain.
debug: Resolve cce:/internal/x/cc-fu/webview from cce:/internal/x/cc as external dependency cce:/internal/x/cc-fu/webview.
debug: Resolve cce:/internal/x/cc-fu/tween from cce:/internal/x/cc as external dependency cce:/internal/x/cc-fu/tween.
debug: Resolve cce:/internal/x/cc-fu/tiled-map from cce:/internal/x/cc as external dependency cce:/internal/x/cc-fu/tiled-map.
debug: Resolve cce:/internal/x/cc-fu/spine from cce:/internal/x/cc as external dependency cce:/internal/x/cc-fu/spine.
debug: Resolve cce:/internal/x/cc-fu/dragon-bones from cce:/internal/x/cc as external dependency cce:/internal/x/cc-fu/dragon-bones.
debug: Detected change: cce:/internal/x/prerequisite-imports. Last mtime: Sat Jan 03 1970 01:25:49 GMT+0700 (印度支那时间), Current mtime: Thu Jan 01 1970 07:00:05 GMT+0700 (印度支那时间)
debug: Inspect cce:/internal/x/prerequisite-imports
debug: Resolve file:///Users/even/workspace/github/yilinershi/pitaya_cocos_demo/client/assets/scripts/logic/login/LoginController.ts from cce:/internal/x/prerequisite-imports as file:///Users/even/workspace/github/yilinershi/pitaya_cocos_demo/client/assets/scripts/logic/login/LoginController.ts.
debug: Inspect file:///Users/even/workspace/github/yilinershi/pitaya_cocos_demo/client/assets/scripts/logic/login/LoginController.ts
debug: Resolve cce:/internal/code-quality/cr.mjs from file:///Users/even/workspace/github/yilinershi/pitaya_cocos_demo/client/assets/scripts/logic/login/LoginController.ts as cce:/internal/code-quality/cr.mjs.
debug: Detected change: cce:/internal/code-quality/cr.mjs. Last mtime: Wed Jul 13 2022 18:14:15 GMT+0700 (印度支那时间), Current mtime: Fri Jul 15 2022 14:37:06 GMT+0700 (印度支那时间)
debug: Inspect cce:/internal/code-quality/cr.mjs
debug: Resolve cc from file:///Users/even/workspace/github/yilinershi/pitaya_cocos_demo/client/assets/scripts/logic/login/LoginController.ts as cce:/internal/x/cc.
debug: Create cjs interop url for 'file:///Users/even/workspace/github/yilinershi/pitaya_cocos_demo/client/proto_js/proto.js'
debug: Resolve ../../../../proto_js/proto.js from file:///Users/even/workspace/github/yilinershi/pitaya_cocos_demo/client/assets/scripts/logic/login/LoginController.ts as file:///Users/even/workspace/github/yilinershi/pitaya_cocos_demo/client/proto_js/proto.mjs?cjs=&original=.js.
debug: Inspect file:///Users/even/workspace/github/yilinershi/pitaya_cocos_demo/client/proto_js/proto.mjs?cjs=&original=.js
debug: Resolve ./proto.js from file:///Users/even/workspace/github/yilinershi/pitaya_cocos_demo/client/proto_js/proto.mjs?cjs=&original=.js as file:///Users/even/workspace/github/yilinershi/pitaya_cocos_demo/client/proto_js/proto.js.
debug: Inspect file:///Users/even/workspace/github/yilinershi/pitaya_cocos_demo/client/proto_js/proto.js
debug: Resolve cce:/internal/ml/cjs-loader.mjs from file:///Users/even/workspace/github/yilinershi/pitaya_cocos_demo/client/proto_js/proto.js as cce:/internal/ml/cjs-loader.mjs.
debug: Detected change: cce:/internal/ml/cjs-loader.mjs. Last mtime: Wed Jul 13 2022 18:14:15 GMT+0700 (印度支那时间), Current mtime: Fri Jul 15 2022 14:37:06 GMT+0700 (印度支那时间)
debug: Inspect cce:/internal/ml/cjs-loader.mjs
debug: Resolve protobufjs/minimal.js from file:///Users/even/workspace/github/yilinershi/pitaya_cocos_demo/client/proto_js/proto.js as file:///Users/even/workspace/github/yilinershi/pitaya_cocos_demo/client/node_modules/protobufjs/minimal.js.
debug: Inspect file:///Users/even/workspace/github/yilinershi/pitaya_cocos_demo/client/node_modules/protobufjs/minimal.js
debug: Resolve cce:/internal/ml/cjs-loader.mjs from file:///Users/even/workspace/github/yilinershi/pitaya_cocos_demo/client/node_modules/protobufjs/minimal.js as cce:/internal/ml/cjs-loader.mjs.
debug: Resolve ./src/index-minimal from file:///Users/even/workspace/github/yilinershi/pitaya_cocos_demo/client/node_modules/protobufjs/minimal.js as file:///Users/even/workspace/github/yilinershi/pitaya_cocos_demo/client/node_modules/protobufjs/src/index-minimal.js.
debug: Inspect file:///Users/even/workspace/github/yilinershi/pitaya_cocos_demo/client/node_modules/protobufjs/src/index-minimal.js
debug: Resolve cce:/internal/ml/cjs-loader.mjs from file:///Users/even/workspace/github/yilinershi/pitaya_cocos_demo/client/node_modules/protobufjs/src/index-minimal.js as cce:/internal/ml/cjs-loader.mjs.
debug: Resolve ./writer from file:///Users/even/workspace/github/yilinershi/pitaya_cocos_demo/client/node_modules/protobufjs/src/index-minimal.js as file:///Users/even/workspace/github/yilinershi/pitaya_cocos_demo/client/node_modules/protobufjs/src/writer.js.
debug: Inspect file:///Users/even/workspace/github/yilinershi/pitaya_cocos_demo/client/node_modules/protobufjs/src/writer.js
debug: Resolve cce:/internal/ml/cjs-loader.mjs from file:///Users/even/workspace/github/yilinershi/pitaya_cocos_demo/client/node_modules/protobufjs/src/writer.js as cce:/internal/ml/cjs-loader.mjs.
debug: Resolve ./util/minimal from file:///Users/even/workspace/github/yilinershi/pitaya_cocos_demo/client/node_modules/protobufjs/src/writer.js as file:///Users/even/workspace/github/yilinershi/pitaya_cocos_demo/client/node_modules/protobufjs/src/util/minimal.js.
debug: Inspect file:///Users/even/workspace/github/yilinershi/pitaya_cocos_demo/client/node_modules/protobufjs/src/util/minimal.js
debug: Resolve cce:/internal/ml/cjs-loader.mjs from file:///Users/even/workspace/github/yilinershi/pitaya_cocos_demo/client/node_modules/protobufjs/src/util/minimal.js as cce:/internal/ml/cjs-loader.mjs.
debug: Resolve @protobufjs/aspromise from file:///Users/even/workspace/github/yilinershi/pitaya_cocos_demo/client/node_modules/protobufjs/src/util/minimal.js as file:///Users/even/workspace/github/yilinershi/pitaya_cocos_demo/client/node_modules/@protobufjs/aspromise/index.js.
debug: Inspect file:///Users/even/workspace/github/yilinershi/pitaya_cocos_demo/client/node_modules/@protobufjs/aspromise/index.js
debug: Resolve cce:/internal/ml/cjs-loader.mjs from file:///Users/even/workspace/github/yilinershi/pitaya_cocos_demo/client/node_modules/@protobufjs/aspromise/index.js as cce:/internal/ml/cjs-loader.mjs.
debug: Resolve @protobufjs/base64 from file:///Users/even/workspace/github/yilinershi/pitaya_cocos_demo/client/node_modules/protobufjs/src/util/minimal.js as file:///Users/even/workspace/github/yilinershi/pitaya_cocos_demo/client/node_modules/@protobufjs/base64/index.js.
debug: Inspect file:///Users/even/workspace/github/yilinershi/pitaya_cocos_demo/client/node_modules/@protobufjs/base64/index.js
debug: Resolve cce:/internal/ml/cjs-loader.mjs from file:///Users/even/workspace/github/yilinershi/pitaya_cocos_demo/client/node_modules/@protobufjs/base64/index.js as cce:/internal/ml/cjs-loader.mjs.
debug: Resolve @protobufjs/eventemitter from file:///Users/even/workspace/github/yilinershi/pitaya_cocos_demo/client/node_modules/protobufjs/src/util/minimal.js as file:///Users/even/workspace/github/yilinershi/pitaya_cocos_demo/client/node_modules/@protobufjs/eventemitter/index.js.
debug: Inspect file:///Users/even/workspace/github/yilinershi/pitaya_cocos_demo/client/node_modules/@protobufjs/eventemitter/index.js
debug: Resolve cce:/internal/ml/cjs-loader.mjs from file:///Users/even/workspace/github/yilinershi/pitaya_cocos_demo/client/node_modules/@protobufjs/eventemitter/index.js as cce:/internal/ml/cjs-loader.mjs.
debug: Resolve @protobufjs/float from file:///Users/even/workspace/github/yilinershi/pitaya_cocos_demo/client/node_modules/protobufjs/src/util/minimal.js as file:///Users/even/workspace/github/yilinershi/pitaya_cocos_demo/client/node_modules/@protobufjs/float/index.js.
debug: Inspect file:///Users/even/workspace/github/yilinershi/pitaya_cocos_demo/client/node_modules/@protobufjs/float/index.js
debug: Resolve cce:/internal/ml/cjs-loader.mjs from file:///Users/even/workspace/github/yilinershi/pitaya_cocos_demo/client/node_modules/@protobufjs/float/index.js as cce:/internal/ml/cjs-loader.mjs.
debug: Resolve @protobufjs/inquire from file:///Users/even/workspace/github/yilinershi/pitaya_cocos_demo/client/node_modules/protobufjs/src/util/minimal.js as file:///Users/even/workspace/github/yilinershi/pitaya_cocos_demo/client/node_modules/@protobufjs/inquire/index.js.
debug: Inspect file:///Users/even/workspace/github/yilinershi/pitaya_cocos_demo/client/node_modules/@protobufjs/inquire/index.js
debug: Resolve cce:/internal/ml/cjs-loader.mjs from file:///Users/even/workspace/github/yilinershi/pitaya_cocos_demo/client/node_modules/@protobufjs/inquire/index.js as cce:/internal/ml/cjs-loader.mjs.
debug: Resolve @protobufjs/utf8 from file:///Users/even/workspace/github/yilinershi/pitaya_cocos_demo/client/node_modules/protobufjs/src/util/minimal.js as file:///Users/even/workspace/github/yilinershi/pitaya_cocos_demo/client/node_modules/@protobufjs/utf8/index.js.
debug: Inspect file:///Users/even/workspace/github/yilinershi/pitaya_cocos_demo/client/node_modules/@protobufjs/utf8/index.js
debug: Resolve cce:/internal/ml/cjs-loader.mjs from file:///Users/even/workspace/github/yilinershi/pitaya_cocos_demo/client/node_modules/@protobufjs/utf8/index.js as cce:/internal/ml/cjs-loader.mjs.
debug: Resolve @protobufjs/pool from file:///Users/even/workspace/github/yilinershi/pitaya_cocos_demo/client/node_modules/protobufjs/src/util/minimal.js as file:///Users/even/workspace/github/yilinershi/pitaya_cocos_demo/client/node_modules/@protobufjs/pool/index.js.
debug: Inspect file:///Users/even/workspace/github/yilinershi/pitaya_cocos_demo/client/node_modules/@protobufjs/pool/index.js
debug: Resolve cce:/internal/ml/cjs-loader.mjs from file:///Users/even/workspace/github/yilinershi/pitaya_cocos_demo/client/node_modules/@protobufjs/pool/index.js as cce:/internal/ml/cjs-loader.mjs.
debug: Resolve ./longbits from file:///Users/even/workspace/github/yilinershi/pitaya_cocos_demo/client/node_modules/protobufjs/src/util/minimal.js as file:///Users/even/workspace/github/yilinershi/pitaya_cocos_demo/client/node_modules/protobufjs/src/util/longbits.js.
debug: Inspect file:///Users/even/workspace/github/yilinershi/pitaya_cocos_demo/client/node_modules/protobufjs/src/util/longbits.js
debug: Resolve cce:/internal/ml/cjs-loader.mjs from file:///Users/even/workspace/github/yilinershi/pitaya_cocos_demo/client/node_modules/protobufjs/src/util/longbits.js as cce:/internal/ml/cjs-loader.mjs.
debug: Resolve ../util/minimal from file:///Users/even/workspace/github/yilinershi/pitaya_cocos_demo/client/node_modules/protobufjs/src/util/longbits.js as file:///Users/even/workspace/github/yilinershi/pitaya_cocos_demo/client/node_modules/protobufjs/src/util/minimal.js.
debug: Resolve ./writer_buffer from file:///Users/even/workspace/github/yilinershi/pitaya_cocos_demo/client/node_modules/protobufjs/src/index-minimal.js as file:///Users/even/workspace/github/yilinershi/pitaya_cocos_demo/client/node_modules/protobufjs/src/writer_buffer.js.
debug: Inspect file:///Users/even/workspace/github/yilinershi/pitaya_cocos_demo/client/node_modules/protobufjs/src/writer_buffer.js
debug: Resolve cce:/internal/ml/cjs-loader.mjs from file:///Users/even/workspace/github/yilinershi/pitaya_cocos_demo/client/node_modules/protobufjs/src/writer_buffer.js as cce:/internal/ml/cjs-loader.mjs.
debug: Resolve ./writer from file:///Users/even/workspace/github/yilinershi/pitaya_cocos_demo/client/node_modules/protobufjs/src/writer_buffer.js as file:///Users/even/workspace/github/yilinershi/pitaya_cocos_demo/client/node_modules/protobufjs/src/writer.js.
debug: Resolve ./util/minimal from file:///Users/even/workspace/github/yilinershi/pitaya_cocos_demo/client/node_modules/protobufjs/src/writer_buffer.js as file:///Users/even/workspace/github/yilinershi/pitaya_cocos_demo/client/node_modules/protobufjs/src/util/minimal.js.
debug: Resolve ./reader from file:///Users/even/workspace/github/yilinershi/pitaya_cocos_demo/client/node_modules/protobufjs/src/index-minimal.js as file:///Users/even/workspace/github/yilinershi/pitaya_cocos_demo/client/node_modules/protobufjs/src/reader.js.
debug: Inspect file:///Users/even/workspace/github/yilinershi/pitaya_cocos_demo/client/node_modules/protobufjs/src/reader.js
debug: Resolve cce:/internal/ml/cjs-loader.mjs from file:///Users/even/workspace/github/yilinershi/pitaya_cocos_demo/client/node_modules/protobufjs/src/reader.js as cce:/internal/ml/cjs-loader.mjs.
debug: Resolve ./util/minimal from file:///Users/even/workspace/github/yilinershi/pitaya_cocos_demo/client/node_modules/protobufjs/src/reader.js as file:///Users/even/workspace/github/yilinershi/pitaya_cocos_demo/client/node_modules/protobufjs/src/util/minimal.js.
debug: Resolve ./reader_buffer from file:///Users/even/workspace/github/yilinershi/pitaya_cocos_demo/client/node_modules/protobufjs/src/index-minimal.js as file:///Users/even/workspace/github/yilinershi/pitaya_cocos_demo/client/node_modules/protobufjs/src/reader_buffer.js.
debug: Inspect file:///Users/even/workspace/github/yilinershi/pitaya_cocos_demo/client/node_modules/protobufjs/src/reader_buffer.js
debug: Resolve cce:/internal/ml/cjs-loader.mjs from file:///Users/even/workspace/github/yilinershi/pitaya_cocos_demo/client/node_modules/protobufjs/src/reader_buffer.js as cce:/internal/ml/cjs-loader.mjs.
debug: Resolve ./reader from file:///Users/even/workspace/github/yilinershi/pitaya_cocos_demo/client/node_modules/protobufjs/src/reader_buffer.js as file:///Users/even/workspace/github/yilinershi/pitaya_cocos_demo/client/node_modules/protobufjs/src/reader.js.
debug: Resolve ./util/minimal from file:///Users/even/workspace/github/yilinershi/pitaya_cocos_demo/client/node_modules/protobufjs/src/reader_buffer.js as file:///Users/even/workspace/github/yilinershi/pitaya_cocos_demo/client/node_modules/protobufjs/src/util/minimal.js.
debug: Resolve ./util/minimal from file:///Users/even/workspace/github/yilinershi/pitaya_cocos_demo/client/node_modules/protobufjs/src/index-minimal.js as file:///Users/even/workspace/github/yilinershi/pitaya_cocos_demo/client/node_modules/protobufjs/src/util/minimal.js.
debug: Resolve ./rpc from file:///Users/even/workspace/github/yilinershi/pitaya_cocos_demo/client/node_modules/protobufjs/src/index-minimal.js as file:///Users/even/workspace/github/yilinershi/pitaya_cocos_demo/client/node_modules/protobufjs/src/rpc.js.
debug: Inspect file:///Users/even/workspace/github/yilinershi/pitaya_cocos_demo/client/node_modules/protobufjs/src/rpc.js
debug: Resolve cce:/internal/ml/cjs-loader.mjs from file:///Users/even/workspace/github/yilinershi/pitaya_cocos_demo/client/node_modules/protobufjs/src/rpc.js as cce:/internal/ml/cjs-loader.mjs.
debug: Resolve ./rpc/service from file:///Users/even/workspace/github/yilinershi/pitaya_cocos_demo/client/node_modules/protobufjs/src/rpc.js as file:///Users/even/workspace/github/yilinershi/pitaya_cocos_demo/client/node_modules/protobufjs/src/rpc/service.js.
debug: Inspect file:///Users/even/workspace/github/yilinershi/pitaya_cocos_demo/client/node_modules/protobufjs/src/rpc/service.js
debug: Resolve cce:/internal/ml/cjs-loader.mjs from file:///Users/even/workspace/github/yilinershi/pitaya_cocos_demo/client/node_modules/protobufjs/src/rpc/service.js as cce:/internal/ml/cjs-loader.mjs.
debug: Resolve ../util/minimal from file:///Users/even/workspace/github/yilinershi/pitaya_cocos_demo/client/node_modules/protobufjs/src/rpc/service.js as file:///Users/even/workspace/github/yilinershi/pitaya_cocos_demo/client/node_modules/protobufjs/src/util/minimal.js.
debug: Resolve ./roots from file:///Users/even/workspace/github/yilinershi/pitaya_cocos_demo/client/node_modules/protobufjs/src/index-minimal.js as file:///Users/even/workspace/github/yilinershi/pitaya_cocos_demo/client/node_modules/protobufjs/src/roots.js.
debug: Inspect file:///Users/even/workspace/github/yilinershi/pitaya_cocos_demo/client/node_modules/protobufjs/src/roots.js
debug: Resolve cce:/internal/ml/cjs-loader.mjs from file:///Users/even/workspace/github/yilinershi/pitaya_cocos_demo/client/node_modules/protobufjs/src/roots.js as cce:/internal/ml/cjs-loader.mjs.
debug: Resolve cce:/internal/ml/cjs-loader.mjs from file:///Users/even/workspace/github/yilinershi/pitaya_cocos_demo/client/proto_js/proto.mjs?cjs=&original=.js as cce:/internal/ml/cjs-loader.mjs.
debug: Resolve ./proto.js from file:///Users/even/workspace/github/yilinershi/pitaya_cocos_demo/client/proto_js/proto.mjs?cjs=&original=.js as file:///Users/even/workspace/github/yilinershi/pitaya_cocos_demo/client/proto_js/proto.js.
debug: Resolve ./proto.js from file:///Users/even/workspace/github/yilinershi/pitaya_cocos_demo/client/proto_js/proto.mjs?cjs=&original=.js as file:///Users/even/workspace/github/yilinershi/pitaya_cocos_demo/client/proto_js/proto.js.
debug: Resolve ../../net/http/Http from file:///Users/even/workspace/github/yilinershi/pitaya_cocos_demo/client/assets/scripts/logic/login/LoginController.ts as file:///Users/even/workspace/github/yilinershi/pitaya_cocos_demo/client/assets/scripts/net/http/Http.ts.
debug: Inspect file:///Users/even/workspace/github/yilinershi/pitaya_cocos_demo/client/assets/scripts/net/http/Http.ts
debug: Resolve cc from file:///Users/even/workspace/github/yilinershi/pitaya_cocos_demo/client/assets/scripts/net/http/Http.ts as cce:/internal/x/cc.
debug: Resolve ../../net/pitaya/Pitaya from file:///Users/even/workspace/github/yilinershi/pitaya_cocos_demo/client/assets/scripts/logic/login/LoginController.ts as file:///Users/even/workspace/github/yilinershi/pitaya_cocos_demo/client/assets/scripts/net/pitaya/Pitaya.ts.
debug: Inspect file:///Users/even/workspace/github/yilinershi/pitaya_cocos_demo/client/assets/scripts/net/pitaya/Pitaya.ts
debug: Resolve cce:/internal/code-quality/cr.mjs from file:///Users/even/workspace/github/yilinershi/pitaya_cocos_demo/client/assets/scripts/net/pitaya/Pitaya.ts as cce:/internal/code-quality/cr.mjs.
debug: Resolve cc from file:///Users/even/workspace/github/yilinershi/pitaya_cocos_demo/client/assets/scripts/net/pitaya/Pitaya.ts as cce:/internal/x/cc.
debug: Resolve ./Pomelo from file:///Users/even/workspace/github/yilinershi/pitaya_cocos_demo/client/assets/scripts/net/pitaya/Pitaya.ts as file:///Users/even/workspace/github/yilinershi/pitaya_cocos_demo/client/assets/scripts/net/pitaya/Pomelo.ts.
debug: Inspect file:///Users/even/workspace/github/yilinershi/pitaya_cocos_demo/client/assets/scripts/net/pitaya/Pomelo.ts
debug: Resolve cc from file:///Users/even/workspace/github/yilinershi/pitaya_cocos_demo/client/assets/scripts/net/pitaya/Pomelo.ts as cce:/internal/x/cc.
debug: Resolve ./LoginModel from file:///Users/even/workspace/github/yilinershi/pitaya_cocos_demo/client/assets/scripts/logic/login/LoginController.ts as file:///Users/even/workspace/github/yilinershi/pitaya_cocos_demo/client/assets/scripts/logic/login/LoginModel.ts.
debug: Inspect file:///Users/even/workspace/github/yilinershi/pitaya_cocos_demo/client/assets/scripts/logic/login/LoginModel.ts
debug: Resolve cc from file:///Users/even/workspace/github/yilinershi/pitaya_cocos_demo/client/assets/scripts/logic/login/LoginModel.ts as cce:/internal/x/cc.
debug: Resolve file:///Users/even/workspace/github/yilinershi/pitaya_cocos_demo/client/assets/scripts/logic/login/LoginModel.ts from cce:/internal/x/prerequisite-imports as file:///Users/even/workspace/github/yilinershi/pitaya_cocos_demo/client/assets/scripts/logic/login/LoginModel.ts.
debug: Resolve file:///Users/even/workspace/github/yilinershi/pitaya_cocos_demo/client/assets/scripts/logic/login/LoginView.ts from cce:/internal/x/prerequisite-imports as file:///Users/even/workspace/github/yilinershi/pitaya_cocos_demo/client/assets/scripts/logic/login/LoginView.ts.
debug: Inspect file:///Users/even/workspace/github/yilinershi/pitaya_cocos_demo/client/assets/scripts/logic/login/LoginView.ts
debug: Resolve cce:/internal/code-quality/cr.mjs from file:///Users/even/workspace/github/yilinershi/pitaya_cocos_demo/client/assets/scripts/logic/login/LoginView.ts as cce:/internal/code-quality/cr.mjs.
debug: Resolve cc from file:///Users/even/workspace/github/yilinershi/pitaya_cocos_demo/client/assets/scripts/logic/login/LoginView.ts as cce:/internal/x/cc.
debug: Resolve cc from file:///Users/even/workspace/github/yilinershi/pitaya_cocos_demo/client/assets/scripts/logic/login/LoginView.ts as cce:/internal/x/cc.
debug: Resolve ./LoginController from file:///Users/even/workspace/github/yilinershi/pitaya_cocos_demo/client/assets/scripts/logic/login/LoginView.ts as file:///Users/even/workspace/github/yilinershi/pitaya_cocos_demo/client/assets/scripts/logic/login/LoginController.ts.
debug: Resolve file:///Users/even/workspace/github/yilinershi/pitaya_cocos_demo/client/assets/scripts/net/http/Http.ts from cce:/internal/x/prerequisite-imports as file:///Users/even/workspace/github/yilinershi/pitaya_cocos_demo/client/assets/scripts/net/http/Http.ts.
debug: Resolve file:///Users/even/workspace/github/yilinershi/pitaya_cocos_demo/client/assets/scripts/net/pitaya/Pitaya.ts from cce:/internal/x/prerequisite-imports as file:///Users/even/workspace/github/yilinershi/pitaya_cocos_demo/client/assets/scripts/net/pitaya/Pitaya.ts.
debug: Resolve file:///Users/even/workspace/github/yilinershi/pitaya_cocos_demo/client/assets/scripts/net/pitaya/Pomelo.ts from cce:/internal/x/prerequisite-imports as file:///Users/even/workspace/github/yilinershi/pitaya_cocos_demo/client/assets/scripts/net/pitaya/Pomelo.ts.
debug: Target(editor) ends with cost 879.7795000076294ms.
debug: Target(preview) build started.
debug: Detected change: cce:/internal/x/cc. Last mtime: Thu Jan 01 1970 07:00:05 GMT+0700 (印度支那时间), Current mtime: Thu Jan 01 1970 07:00:05 GMT+0700 (印度支那时间)
debug: Inspect cce:/internal/x/cc
debug: Resolve cce:/internal/x/cc-fu/2d from cce:/internal/x/cc as external dependency cce:/internal/x/cc-fu/2d.
debug: Resolve cce:/internal/x/cc-fu/3d from cce:/internal/x/cc as external dependency cce:/internal/x/cc-fu/3d.
debug: Resolve cce:/internal/x/cc-fu/animation from cce:/internal/x/cc as external dependency cce:/internal/x/cc-fu/animation.
debug: Resolve cce:/internal/x/cc-fu/audio from cce:/internal/x/cc as external dependency cce:/internal/x/cc-fu/audio.
debug: Resolve cce:/internal/x/cc-fu/base from cce:/internal/x/cc as external dependency cce:/internal/x/cc-fu/base.
debug: Resolve cce:/internal/x/cc-fu/dragon-bones from cce:/internal/x/cc as external dependency cce:/internal/x/cc-fu/dragon-bones.
debug: Resolve cce:/internal/x/cc-fu/gfx-webgl from cce:/internal/x/cc as external dependency cce:/internal/x/cc-fu/gfx-webgl.
debug: Resolve cce:/internal/x/cc-fu/gfx-webgl2 from cce:/internal/x/cc as external dependency cce:/internal/x/cc-fu/gfx-webgl2.
debug: Resolve cce:/internal/x/cc-fu/intersection-2d from cce:/internal/x/cc as external dependency cce:/internal/x/cc-fu/intersection-2d.
debug: Resolve cce:/internal/x/cc-fu/particle from cce:/internal/x/cc as external dependency cce:/internal/x/cc-fu/particle.
debug: Resolve cce:/internal/x/cc-fu/particle-2d from cce:/internal/x/cc as external dependency cce:/internal/x/cc-fu/particle-2d.
debug: Resolve cce:/internal/x/cc-fu/physics-2d-box2d from cce:/internal/x/cc as external dependency cce:/internal/x/cc-fu/physics-2d-box2d.
debug: Resolve cce:/internal/x/cc-fu/physics-2d-framework from cce:/internal/x/cc as external dependency cce:/internal/x/cc-fu/physics-2d-framework.
debug: Resolve cce:/internal/x/cc-fu/physics-ammo from cce:/internal/x/cc as external dependency cce:/internal/x/cc-fu/physics-ammo.
debug: Resolve cce:/internal/x/cc-fu/physics-framework from cce:/internal/x/cc as external dependency cce:/internal/x/cc-fu/physics-framework.
debug: Resolve cce:/internal/x/cc-fu/wait-for-ammo-instantiation from cce:/internal/x/cc as external dependency cce:/internal/x/cc-fu/wait-for-ammo-instantiation.
debug: Resolve cce:/internal/x/cc-fu/primitive from cce:/internal/x/cc as external dependency cce:/internal/x/cc-fu/primitive.
debug: Resolve cce:/internal/x/cc-fu/profiler from cce:/internal/x/cc as external dependency cce:/internal/x/cc-fu/profiler.
debug: Resolve cce:/internal/x/cc-fu/skeletal-animation from cce:/internal/x/cc as external dependency cce:/internal/x/cc-fu/skeletal-animation.
debug: Resolve cce:/internal/x/cc-fu/spine from cce:/internal/x/cc as external dependency cce:/internal/x/cc-fu/spine.
debug: Resolve cce:/internal/x/cc-fu/terrain from cce:/internal/x/cc as external dependency cce:/internal/x/cc-fu/terrain.
debug: Resolve cce:/internal/x/cc-fu/tiled-map from cce:/internal/x/cc as external dependency cce:/internal/x/cc-fu/tiled-map.
debug: Resolve cce:/internal/x/cc-fu/tween from cce:/internal/x/cc as external dependency cce:/internal/x/cc-fu/tween.
debug: Resolve cce:/internal/x/cc-fu/ui from cce:/internal/x/cc as external dependency cce:/internal/x/cc-fu/ui.
debug: Resolve cce:/internal/x/cc-fu/video from cce:/internal/x/cc as external dependency cce:/internal/x/cc-fu/video.
debug: Resolve cce:/internal/x/cc-fu/webview from cce:/internal/x/cc as external dependency cce:/internal/x/cc-fu/webview.
debug: Detected change: cce:/internal/x/prerequisite-imports. Last mtime: Sat Jan 03 1970 01:25:50 GMT+0700 (印度支那时间), Current mtime: Thu Jan 01 1970 07:00:06 GMT+0700 (印度支那时间)
debug: Inspect cce:/internal/x/prerequisite-imports
debug: Resolve file:///Users/even/workspace/github/yilinershi/pitaya_cocos_demo/client/assets/scripts/logic/login/LoginController.ts from cce:/internal/x/prerequisite-imports as file:///Users/even/workspace/github/yilinershi/pitaya_cocos_demo/client/assets/scripts/logic/login/LoginController.ts.
debug: Inspect file:///Users/even/workspace/github/yilinershi/pitaya_cocos_demo/client/assets/scripts/logic/login/LoginController.ts
debug: Resolve cce:/internal/code-quality/cr.mjs from file:///Users/even/workspace/github/yilinershi/pitaya_cocos_demo/client/assets/scripts/logic/login/LoginController.ts as cce:/internal/code-quality/cr.mjs.
debug: Detected change: cce:/internal/code-quality/cr.mjs. Last mtime: Wed Jul 13 2022 18:14:15 GMT+0700 (印度支那时间), Current mtime: Fri Jul 15 2022 14:37:06 GMT+0700 (印度支那时间)
debug: Inspect cce:/internal/code-quality/cr.mjs
debug: Resolve cc from file:///Users/even/workspace/github/yilinershi/pitaya_cocos_demo/client/assets/scripts/logic/login/LoginController.ts as cce:/internal/x/cc.
debug: Create cjs interop url for 'file:///Users/even/workspace/github/yilinershi/pitaya_cocos_demo/client/proto_js/proto.js'
debug: Resolve ../../../../proto_js/proto.js from file:///Users/even/workspace/github/yilinershi/pitaya_cocos_demo/client/assets/scripts/logic/login/LoginController.ts as file:///Users/even/workspace/github/yilinershi/pitaya_cocos_demo/client/proto_js/proto.mjs?cjs=&original=.js.
debug: Inspect file:///Users/even/workspace/github/yilinershi/pitaya_cocos_demo/client/proto_js/proto.mjs?cjs=&original=.js
debug: Resolve ./proto.js from file:///Users/even/workspace/github/yilinershi/pitaya_cocos_demo/client/proto_js/proto.mjs?cjs=&original=.js as file:///Users/even/workspace/github/yilinershi/pitaya_cocos_demo/client/proto_js/proto.js.
debug: Inspect file:///Users/even/workspace/github/yilinershi/pitaya_cocos_demo/client/proto_js/proto.js
debug: Resolve cce:/internal/ml/cjs-loader.mjs from file:///Users/even/workspace/github/yilinershi/pitaya_cocos_demo/client/proto_js/proto.js as cce:/internal/ml/cjs-loader.mjs.
debug: Detected change: cce:/internal/ml/cjs-loader.mjs. Last mtime: Wed Jul 13 2022 18:14:15 GMT+0700 (印度支那时间), Current mtime: Fri Jul 15 2022 14:37:06 GMT+0700 (印度支那时间)
debug: Inspect cce:/internal/ml/cjs-loader.mjs
debug: Resolve protobufjs/minimal.js from file:///Users/even/workspace/github/yilinershi/pitaya_cocos_demo/client/proto_js/proto.js as file:///Users/even/workspace/github/yilinershi/pitaya_cocos_demo/client/node_modules/protobufjs/minimal.js.
debug: Inspect file:///Users/even/workspace/github/yilinershi/pitaya_cocos_demo/client/node_modules/protobufjs/minimal.js
debug: Resolve cce:/internal/ml/cjs-loader.mjs from file:///Users/even/workspace/github/yilinershi/pitaya_cocos_demo/client/node_modules/protobufjs/minimal.js as cce:/internal/ml/cjs-loader.mjs.
debug: Resolve ./src/index-minimal from file:///Users/even/workspace/github/yilinershi/pitaya_cocos_demo/client/node_modules/protobufjs/minimal.js as file:///Users/even/workspace/github/yilinershi/pitaya_cocos_demo/client/node_modules/protobufjs/src/index-minimal.js.
debug: Inspect file:///Users/even/workspace/github/yilinershi/pitaya_cocos_demo/client/node_modules/protobufjs/src/index-minimal.js
debug: Resolve cce:/internal/ml/cjs-loader.mjs from file:///Users/even/workspace/github/yilinershi/pitaya_cocos_demo/client/node_modules/protobufjs/src/index-minimal.js as cce:/internal/ml/cjs-loader.mjs.
debug: Resolve ./writer from file:///Users/even/workspace/github/yilinershi/pitaya_cocos_demo/client/node_modules/protobufjs/src/index-minimal.js as file:///Users/even/workspace/github/yilinershi/pitaya_cocos_demo/client/node_modules/protobufjs/src/writer.js.
debug: Inspect file:///Users/even/workspace/github/yilinershi/pitaya_cocos_demo/client/node_modules/protobufjs/src/writer.js
debug: Resolve cce:/internal/ml/cjs-loader.mjs from file:///Users/even/workspace/github/yilinershi/pitaya_cocos_demo/client/node_modules/protobufjs/src/writer.js as cce:/internal/ml/cjs-loader.mjs.
debug: Resolve ./util/minimal from file:///Users/even/workspace/github/yilinershi/pitaya_cocos_demo/client/node_modules/protobufjs/src/writer.js as file:///Users/even/workspace/github/yilinershi/pitaya_cocos_demo/client/node_modules/protobufjs/src/util/minimal.js.
debug: Inspect file:///Users/even/workspace/github/yilinershi/pitaya_cocos_demo/client/node_modules/protobufjs/src/util/minimal.js
debug: Resolve cce:/internal/ml/cjs-loader.mjs from file:///Users/even/workspace/github/yilinershi/pitaya_cocos_demo/client/node_modules/protobufjs/src/util/minimal.js as cce:/internal/ml/cjs-loader.mjs.
debug: Resolve @protobufjs/aspromise from file:///Users/even/workspace/github/yilinershi/pitaya_cocos_demo/client/node_modules/protobufjs/src/util/minimal.js as file:///Users/even/workspace/github/yilinershi/pitaya_cocos_demo/client/node_modules/@protobufjs/aspromise/index.js.
debug: Inspect file:///Users/even/workspace/github/yilinershi/pitaya_cocos_demo/client/node_modules/@protobufjs/aspromise/index.js
debug: Resolve cce:/internal/ml/cjs-loader.mjs from file:///Users/even/workspace/github/yilinershi/pitaya_cocos_demo/client/node_modules/@protobufjs/aspromise/index.js as cce:/internal/ml/cjs-loader.mjs.
debug: Resolve @protobufjs/base64 from file:///Users/even/workspace/github/yilinershi/pitaya_cocos_demo/client/node_modules/protobufjs/src/util/minimal.js as file:///Users/even/workspace/github/yilinershi/pitaya_cocos_demo/client/node_modules/@protobufjs/base64/index.js.
debug: Inspect file:///Users/even/workspace/github/yilinershi/pitaya_cocos_demo/client/node_modules/@protobufjs/base64/index.js
debug: Resolve cce:/internal/ml/cjs-loader.mjs from file:///Users/even/workspace/github/yilinershi/pitaya_cocos_demo/client/node_modules/@protobufjs/base64/index.js as cce:/internal/ml/cjs-loader.mjs.
debug: Resolve @protobufjs/eventemitter from file:///Users/even/workspace/github/yilinershi/pitaya_cocos_demo/client/node_modules/protobufjs/src/util/minimal.js as file:///Users/even/workspace/github/yilinershi/pitaya_cocos_demo/client/node_modules/@protobufjs/eventemitter/index.js.
debug: Inspect file:///Users/even/workspace/github/yilinershi/pitaya_cocos_demo/client/node_modules/@protobufjs/eventemitter/index.js
debug: Resolve cce:/internal/ml/cjs-loader.mjs from file:///Users/even/workspace/github/yilinershi/pitaya_cocos_demo/client/node_modules/@protobufjs/eventemitter/index.js as cce:/internal/ml/cjs-loader.mjs.
debug: Resolve @protobufjs/float from file:///Users/even/workspace/github/yilinershi/pitaya_cocos_demo/client/node_modules/protobufjs/src/util/minimal.js as file:///Users/even/workspace/github/yilinershi/pitaya_cocos_demo/client/node_modules/@protobufjs/float/index.js.
debug: Inspect file:///Users/even/workspace/github/yilinershi/pitaya_cocos_demo/client/node_modules/@protobufjs/float/index.js
debug: Resolve cce:/internal/ml/cjs-loader.mjs from file:///Users/even/workspace/github/yilinershi/pitaya_cocos_demo/client/node_modules/@protobufjs/float/index.js as cce:/internal/ml/cjs-loader.mjs.
debug: Resolve @protobufjs/inquire from file:///Users/even/workspace/github/yilinershi/pitaya_cocos_demo/client/node_modules/protobufjs/src/util/minimal.js as file:///Users/even/workspace/github/yilinershi/pitaya_cocos_demo/client/node_modules/@protobufjs/inquire/index.js.
debug: Inspect file:///Users/even/workspace/github/yilinershi/pitaya_cocos_demo/client/node_modules/@protobufjs/inquire/index.js
debug: Resolve cce:/internal/ml/cjs-loader.mjs from file:///Users/even/workspace/github/yilinershi/pitaya_cocos_demo/client/node_modules/@protobufjs/inquire/index.js as cce:/internal/ml/cjs-loader.mjs.
debug: Resolve @protobufjs/utf8 from file:///Users/even/workspace/github/yilinershi/pitaya_cocos_demo/client/node_modules/protobufjs/src/util/minimal.js as file:///Users/even/workspace/github/yilinershi/pitaya_cocos_demo/client/node_modules/@protobufjs/utf8/index.js.
debug: Inspect file:///Users/even/workspace/github/yilinershi/pitaya_cocos_demo/client/node_modules/@protobufjs/utf8/index.js
debug: Resolve cce:/internal/ml/cjs-loader.mjs from file:///Users/even/workspace/github/yilinershi/pitaya_cocos_demo/client/node_modules/@protobufjs/utf8/index.js as cce:/internal/ml/cjs-loader.mjs.
debug: Resolve @protobufjs/pool from file:///Users/even/workspace/github/yilinershi/pitaya_cocos_demo/client/node_modules/protobufjs/src/util/minimal.js as file:///Users/even/workspace/github/yilinershi/pitaya_cocos_demo/client/node_modules/@protobufjs/pool/index.js.
debug: Inspect file:///Users/even/workspace/github/yilinershi/pitaya_cocos_demo/client/node_modules/@protobufjs/pool/index.js
debug: Resolve cce:/internal/ml/cjs-loader.mjs from file:///Users/even/workspace/github/yilinershi/pitaya_cocos_demo/client/node_modules/@protobufjs/pool/index.js as cce:/internal/ml/cjs-loader.mjs.
debug: Resolve ./longbits from file:///Users/even/workspace/github/yilinershi/pitaya_cocos_demo/client/node_modules/protobufjs/src/util/minimal.js as file:///Users/even/workspace/github/yilinershi/pitaya_cocos_demo/client/node_modules/protobufjs/src/util/longbits.js.
debug: Inspect file:///Users/even/workspace/github/yilinershi/pitaya_cocos_demo/client/node_modules/protobufjs/src/util/longbits.js
debug: Resolve cce:/internal/ml/cjs-loader.mjs from file:///Users/even/workspace/github/yilinershi/pitaya_cocos_demo/client/node_modules/protobufjs/src/util/longbits.js as cce:/internal/ml/cjs-loader.mjs.
debug: Resolve ../util/minimal from file:///Users/even/workspace/github/yilinershi/pitaya_cocos_demo/client/node_modules/protobufjs/src/util/longbits.js as file:///Users/even/workspace/github/yilinershi/pitaya_cocos_demo/client/node_modules/protobufjs/src/util/minimal.js.
debug: Resolve ./writer_buffer from file:///Users/even/workspace/github/yilinershi/pitaya_cocos_demo/client/node_modules/protobufjs/src/index-minimal.js as file:///Users/even/workspace/github/yilinershi/pitaya_cocos_demo/client/node_modules/protobufjs/src/writer_buffer.js.
debug: Inspect file:///Users/even/workspace/github/yilinershi/pitaya_cocos_demo/client/node_modules/protobufjs/src/writer_buffer.js
debug: Resolve cce:/internal/ml/cjs-loader.mjs from file:///Users/even/workspace/github/yilinershi/pitaya_cocos_demo/client/node_modules/protobufjs/src/writer_buffer.js as cce:/internal/ml/cjs-loader.mjs.
debug: Resolve ./writer from file:///Users/even/workspace/github/yilinershi/pitaya_cocos_demo/client/node_modules/protobufjs/src/writer_buffer.js as file:///Users/even/workspace/github/yilinershi/pitaya_cocos_demo/client/node_modules/protobufjs/src/writer.js.
debug: Resolve ./util/minimal from file:///Users/even/workspace/github/yilinershi/pitaya_cocos_demo/client/node_modules/protobufjs/src/writer_buffer.js as file:///Users/even/workspace/github/yilinershi/pitaya_cocos_demo/client/node_modules/protobufjs/src/util/minimal.js.
debug: Resolve ./reader from file:///Users/even/workspace/github/yilinershi/pitaya_cocos_demo/client/node_modules/protobufjs/src/index-minimal.js as file:///Users/even/workspace/github/yilinershi/pitaya_cocos_demo/client/node_modules/protobufjs/src/reader.js.
debug: Inspect file:///Users/even/workspace/github/yilinershi/pitaya_cocos_demo/client/node_modules/protobufjs/src/reader.js
debug: Resolve cce:/internal/ml/cjs-loader.mjs from file:///Users/even/workspace/github/yilinershi/pitaya_cocos_demo/client/node_modules/protobufjs/src/reader.js as cce:/internal/ml/cjs-loader.mjs.
debug: Resolve ./util/minimal from file:///Users/even/workspace/github/yilinershi/pitaya_cocos_demo/client/node_modules/protobufjs/src/reader.js as file:///Users/even/workspace/github/yilinershi/pitaya_cocos_demo/client/node_modules/protobufjs/src/util/minimal.js.
debug: Resolve ./reader_buffer from file:///Users/even/workspace/github/yilinershi/pitaya_cocos_demo/client/node_modules/protobufjs/src/index-minimal.js as file:///Users/even/workspace/github/yilinershi/pitaya_cocos_demo/client/node_modules/protobufjs/src/reader_buffer.js.
debug: Inspect file:///Users/even/workspace/github/yilinershi/pitaya_cocos_demo/client/node_modules/protobufjs/src/reader_buffer.js
debug: Resolve cce:/internal/ml/cjs-loader.mjs from file:///Users/even/workspace/github/yilinershi/pitaya_cocos_demo/client/node_modules/protobufjs/src/reader_buffer.js as cce:/internal/ml/cjs-loader.mjs.
debug: Resolve ./reader from file:///Users/even/workspace/github/yilinershi/pitaya_cocos_demo/client/node_modules/protobufjs/src/reader_buffer.js as file:///Users/even/workspace/github/yilinershi/pitaya_cocos_demo/client/node_modules/protobufjs/src/reader.js.
debug: Resolve ./util/minimal from file:///Users/even/workspace/github/yilinershi/pitaya_cocos_demo/client/node_modules/protobufjs/src/reader_buffer.js as file:///Users/even/workspace/github/yilinershi/pitaya_cocos_demo/client/node_modules/protobufjs/src/util/minimal.js.
debug: Resolve ./util/minimal from file:///Users/even/workspace/github/yilinershi/pitaya_cocos_demo/client/node_modules/protobufjs/src/index-minimal.js as file:///Users/even/workspace/github/yilinershi/pitaya_cocos_demo/client/node_modules/protobufjs/src/util/minimal.js.
debug: Resolve ./rpc from file:///Users/even/workspace/github/yilinershi/pitaya_cocos_demo/client/node_modules/protobufjs/src/index-minimal.js as file:///Users/even/workspace/github/yilinershi/pitaya_cocos_demo/client/node_modules/protobufjs/src/rpc.js.
debug: Inspect file:///Users/even/workspace/github/yilinershi/pitaya_cocos_demo/client/node_modules/protobufjs/src/rpc.js
debug: Resolve cce:/internal/ml/cjs-loader.mjs from file:///Users/even/workspace/github/yilinershi/pitaya_cocos_demo/client/node_modules/protobufjs/src/rpc.js as cce:/internal/ml/cjs-loader.mjs.
debug: Resolve ./rpc/service from file:///Users/even/workspace/github/yilinershi/pitaya_cocos_demo/client/node_modules/protobufjs/src/rpc.js as file:///Users/even/workspace/github/yilinershi/pitaya_cocos_demo/client/node_modules/protobufjs/src/rpc/service.js.
debug: Inspect file:///Users/even/workspace/github/yilinershi/pitaya_cocos_demo/client/node_modules/protobufjs/src/rpc/service.js
debug: Resolve cce:/internal/ml/cjs-loader.mjs from file:///Users/even/workspace/github/yilinershi/pitaya_cocos_demo/client/node_modules/protobufjs/src/rpc/service.js as cce:/internal/ml/cjs-loader.mjs.
debug: Resolve ../util/minimal from file:///Users/even/workspace/github/yilinershi/pitaya_cocos_demo/client/node_modules/protobufjs/src/rpc/service.js as file:///Users/even/workspace/github/yilinershi/pitaya_cocos_demo/client/node_modules/protobufjs/src/util/minimal.js.
debug: Resolve ./roots from file:///Users/even/workspace/github/yilinershi/pitaya_cocos_demo/client/node_modules/protobufjs/src/index-minimal.js as file:///Users/even/workspace/github/yilinershi/pitaya_cocos_demo/client/node_modules/protobufjs/src/roots.js.
debug: Inspect file:///Users/even/workspace/github/yilinershi/pitaya_cocos_demo/client/node_modules/protobufjs/src/roots.js
debug: Resolve cce:/internal/ml/cjs-loader.mjs from file:///Users/even/workspace/github/yilinershi/pitaya_cocos_demo/client/node_modules/protobufjs/src/roots.js as cce:/internal/ml/cjs-loader.mjs.
debug: Resolve cce:/internal/ml/cjs-loader.mjs from file:///Users/even/workspace/github/yilinershi/pitaya_cocos_demo/client/proto_js/proto.mjs?cjs=&original=.js as cce:/internal/ml/cjs-loader.mjs.
debug: Resolve ./proto.js from file:///Users/even/workspace/github/yilinershi/pitaya_cocos_demo/client/proto_js/proto.mjs?cjs=&original=.js as file:///Users/even/workspace/github/yilinershi/pitaya_cocos_demo/client/proto_js/proto.js.
debug: Resolve ./proto.js from file:///Users/even/workspace/github/yilinershi/pitaya_cocos_demo/client/proto_js/proto.mjs?cjs=&original=.js as file:///Users/even/workspace/github/yilinershi/pitaya_cocos_demo/client/proto_js/proto.js.
debug: Resolve ../../net/http/Http from file:///Users/even/workspace/github/yilinershi/pitaya_cocos_demo/client/assets/scripts/logic/login/LoginController.ts as file:///Users/even/workspace/github/yilinershi/pitaya_cocos_demo/client/assets/scripts/net/http/Http.ts.
debug: Inspect file:///Users/even/workspace/github/yilinershi/pitaya_cocos_demo/client/assets/scripts/net/http/Http.ts
debug: Resolve cc from file:///Users/even/workspace/github/yilinershi/pitaya_cocos_demo/client/assets/scripts/net/http/Http.ts as cce:/internal/x/cc.
debug: Resolve ../../net/pitaya/Pitaya from file:///Users/even/workspace/github/yilinershi/pitaya_cocos_demo/client/assets/scripts/logic/login/LoginController.ts as file:///Users/even/workspace/github/yilinershi/pitaya_cocos_demo/client/assets/scripts/net/pitaya/Pitaya.ts.
debug: Inspect file:///Users/even/workspace/github/yilinershi/pitaya_cocos_demo/client/assets/scripts/net/pitaya/Pitaya.ts
debug: Resolve cce:/internal/code-quality/cr.mjs from file:///Users/even/workspace/github/yilinershi/pitaya_cocos_demo/client/assets/scripts/net/pitaya/Pitaya.ts as cce:/internal/code-quality/cr.mjs.
debug: Resolve cc from file:///Users/even/workspace/github/yilinershi/pitaya_cocos_demo/client/assets/scripts/net/pitaya/Pitaya.ts as cce:/internal/x/cc.
debug: Resolve ./Pomelo from file:///Users/even/workspace/github/yilinershi/pitaya_cocos_demo/client/assets/scripts/net/pitaya/Pitaya.ts as file:///Users/even/workspace/github/yilinershi/pitaya_cocos_demo/client/assets/scripts/net/pitaya/Pomelo.ts.
debug: Inspect file:///Users/even/workspace/github/yilinershi/pitaya_cocos_demo/client/assets/scripts/net/pitaya/Pomelo.ts
debug: Resolve cc from file:///Users/even/workspace/github/yilinershi/pitaya_cocos_demo/client/assets/scripts/net/pitaya/Pomelo.ts as cce:/internal/x/cc.
debug: Resolve ./LoginModel from file:///Users/even/workspace/github/yilinershi/pitaya_cocos_demo/client/assets/scripts/logic/login/LoginController.ts as file:///Users/even/workspace/github/yilinershi/pitaya_cocos_demo/client/assets/scripts/logic/login/LoginModel.ts.
debug: Inspect file:///Users/even/workspace/github/yilinershi/pitaya_cocos_demo/client/assets/scripts/logic/login/LoginModel.ts
debug: Resolve cc from file:///Users/even/workspace/github/yilinershi/pitaya_cocos_demo/client/assets/scripts/logic/login/LoginModel.ts as cce:/internal/x/cc.
debug: Resolve file:///Users/even/workspace/github/yilinershi/pitaya_cocos_demo/client/assets/scripts/logic/login/LoginModel.ts from cce:/internal/x/prerequisite-imports as file:///Users/even/workspace/github/yilinershi/pitaya_cocos_demo/client/assets/scripts/logic/login/LoginModel.ts.
debug: Resolve file:///Users/even/workspace/github/yilinershi/pitaya_cocos_demo/client/assets/scripts/logic/login/LoginView.ts from cce:/internal/x/prerequisite-imports as file:///Users/even/workspace/github/yilinershi/pitaya_cocos_demo/client/assets/scripts/logic/login/LoginView.ts.
debug: Inspect file:///Users/even/workspace/github/yilinershi/pitaya_cocos_demo/client/assets/scripts/logic/login/LoginView.ts
debug: Resolve cce:/internal/code-quality/cr.mjs from file:///Users/even/workspace/github/yilinershi/pitaya_cocos_demo/client/assets/scripts/logic/login/LoginView.ts as cce:/internal/code-quality/cr.mjs.
debug: Resolve cc from file:///Users/even/workspace/github/yilinershi/pitaya_cocos_demo/client/assets/scripts/logic/login/LoginView.ts as cce:/internal/x/cc.
debug: Resolve cc from file:///Users/even/workspace/github/yilinershi/pitaya_cocos_demo/client/assets/scripts/logic/login/LoginView.ts as cce:/internal/x/cc.
debug: Resolve ./LoginController from file:///Users/even/workspace/github/yilinershi/pitaya_cocos_demo/client/assets/scripts/logic/login/LoginView.ts as file:///Users/even/workspace/github/yilinershi/pitaya_cocos_demo/client/assets/scripts/logic/login/LoginController.ts.
debug: Resolve file:///Users/even/workspace/github/yilinershi/pitaya_cocos_demo/client/assets/scripts/net/http/Http.ts from cce:/internal/x/prerequisite-imports as file:///Users/even/workspace/github/yilinershi/pitaya_cocos_demo/client/assets/scripts/net/http/Http.ts.
debug: Resolve file:///Users/even/workspace/github/yilinershi/pitaya_cocos_demo/client/assets/scripts/net/pitaya/Pitaya.ts from cce:/internal/x/prerequisite-imports as file:///Users/even/workspace/github/yilinershi/pitaya_cocos_demo/client/assets/scripts/net/pitaya/Pitaya.ts.
debug: Resolve file:///Users/even/workspace/github/yilinershi/pitaya_cocos_demo/client/assets/scripts/net/pitaya/Pomelo.ts from cce:/internal/x/prerequisite-imports as file:///Users/even/workspace/github/yilinershi/pitaya_cocos_demo/client/assets/scripts/net/pitaya/Pomelo.ts.
debug: Target(preview) ends with cost 735.465124964714ms.
